  main.cpp
  FracSphereFold.cpp
  FracRotation.cpp
  FracPlaneFold.cpp
  FracOperator.cpp
  FracCylinderFold.cpp
  FracBoxFold.cpp
  DxVarInit.cpp
  DxResize.cpp
d:\data\studium\fraktale\project\fracaleido\fracaleido\dxresize.cpp(33): warning C4244: '=': conversion from 'UINT' to 'FLOAT', possible loss of data
d:\data\studium\fraktale\project\fracaleido\fracaleido\dxresize.cpp(34): warning C4244: '=': conversion from 'UINT' to 'FLOAT', possible loss of data
d:\data\studium\fraktale\project\fracaleido\fracaleido\dxresize.cpp(95): warning C4838: conversion from 'UINT' to 'int' requires a narrowing conversion
d:\data\studium\fraktale\project\fracaleido\fracaleido\dxresize.cpp(102): warning C4838: conversion from 'UINT' to 'int' requires a narrowing conversion
d:\data\studium\fraktale\project\fracaleido\fracaleido\dxresize.cpp(105): warning C4838: conversion from 'UINT' to 'int' requires a narrowing conversion
d:\data\studium\fraktale\project\fracaleido\fracaleido\dxresize.cpp(107): warning C4838: conversion from 'UINT' to 'int' requires a narrowing conversion
  DxLoop.cpp
d:\data\studium\fraktale\project\fracaleido\fracaleido\dxloop.cpp(92): warning C4244: '+=': conversion from 'double' to 'float', possible loss of data
  DxInput.cpp
  DxDestroy.cpp
  CoreWindow.cpp
  CoreString.cpp
  CoreMsg.cpp
  Generating Code...
  Compiling...
  DxInit.cpp
d:\data\studium\fraktale\project\fracaleido\fracaleido\dxinit.cpp(159): warning C4244: '=': conversion from 'UINT' to 'FLOAT', possible loss of data
d:\data\studium\fraktale\project\fracaleido\fracaleido\dxinit.cpp(160): warning C4244: '=': conversion from 'UINT' to 'FLOAT', possible loss of data
d:\data\studium\fraktale\project\fracaleido\fracaleido\dxinit.cpp(250): warning C4838: conversion from 'UINT' to 'int' requires a narrowing conversion
d:\data\studium\fraktale\project\fracaleido\fracaleido\dxinit.cpp(268): warning C4838: conversion from 'UINT' to 'int' requires a narrowing conversion
d:\data\studium\fraktale\project\fracaleido\fracaleido\dxinit.cpp(276): warning C4838: conversion from 'UINT' to 'int' requires a narrowing conversion
d:\data\studium\fraktale\project\fracaleido\fracaleido\dxinit.cpp(278): warning C4838: conversion from 'UINT' to 'int' requires a narrowing conversion
  DxCompileFractal.cpp
d:\data\studium\fraktale\project\fracaleido\fracaleido\dxcompilefractal.cpp(41): warning C4244: 'argument': conversion from 'std::streamoff' to 'unsigned int', possible loss of data
  Generating Code...
CoreMsg.obj : warning LNK4075: ignoring '/EDITANDCONTINUE' due to '/OPT:LBR' specification
  Fracaleido.vcxproj -> D:\Data\Studium\Fraktale\Project\Fracaleido\Debug\Fracaleido.exe
